<?xml version="1.0" encoding="UTF-8"?>
<!-- Generated by org.testng.reporters.JUnitReportReporter -->
<testsuite hostname="LAPTOP-0HVVEMC9" failures="0" tests="1" name="com.techfundas.demoframework.DemoTest" time="6.036" errors="0" timestamp="14 Jan 2019 17:16:52 GMT" skipped="0">
  <testcase classname="com.techfundas.demoframework.DemoTest" name="validateLaunch" time="6.036"/>
</testsuite> <!-- com.techfundas.demoframework.DemoTest -->
