<?xml version="1.0" encoding="UTF-8"?>
<!-- Generated by org.testng.reporters.JUnitReportReporter -->
<testsuite ignored="0" hostname="LAPTOP-0HVVEMC9" failures="0" tests="1" name="com.techfundas.demoframework.DemoTest" time="6.194" errors="0" timestamp="14 Jan 2019 18:25:22 GMT" skipped="0">
  <testcase classname="com.techfundas.demoframework.DemoTest" name="validateLaunch" time="6.194"/>
</testsuite> <!-- com.techfundas.demoframework.DemoTest -->
